#-----------------------------------------------------------
# Vivado v2018.2 (64-bit)
# SW Build 2258646 on Thu Jun 14 20:03:12 MDT 2018
# IP Build 2256618 on Thu Jun 14 22:10:49 MDT 2018
# Start of session at: Fri Apr 12 16:56:47 2019
# Process ID: 9996
# Current directory: C:/Users/Jesus Luciano/Desktop/MIPS_CPU/old_Final_14
# Command line: vivado.exe -gui_launcher_event rodinguilauncherevent2184 C:\Users\Jesus Luciano\Desktop\MIPS_CPU\old_Final_14\Execution_Unit.xpr
# Log file: C:/Users/Jesus Luciano/Desktop/MIPS_CPU/old_Final_14/vivado.log
# Journal file: C:/Users/Jesus Luciano/Desktop/MIPS_CPU/old_Final_14\vivado.jou
#-----------------------------------------------------------
start_gui
open_project {C:/Users/Jesus Luciano/Desktop/MIPS_CPU/old_Final_14/Execution_Unit.xpr}
INFO: [Project 1-313] Project file moved from 'C:/Users/Jesus Luciano/Desktop/MIPS_CPU/Final_14' since last save.
Scanning sources...
Finished scanning sources
INFO: [IP_Flow 19-234] Refreshing IP repositories
INFO: [IP_Flow 19-1704] No user IP repositories specified
INFO: [IP_Flow 19-2313] Loaded Vivado IP repository 'C:/Xilinx/Vivado/2018.2/data/ip'.
open_project: Time (s): cpu = 00:00:14 ; elapsed = 00:00:07 . Memory (MB): peak = 818.891 ; gain = 124.074
update_compile_order -fileset sources_1
exit
INFO: [Common 17-206] Exiting Vivado at Fri Apr 12 16:59:42 2019...
