#-----------------------------------------------------------
# Vivado v2018.2 (64-bit)
# SW Build 2258646 on Thu Jun 14 20:03:12 MDT 2018
# IP Build 2256618 on Thu Jun 14 22:10:49 MDT 2018
# Start of session at: Wed Apr 10 19:34:40 2019
# Process ID: 11780
# Current directory: C:/Users/Jesus Luciano/Desktop/MIPS_CPU/Final_14
# Command line: vivado.exe -gui_launcher_event rodinguilauncherevent7368 C:\Users\Jesus Luciano\Desktop\MIPS_CPU\Final_14\Execution_Unit.xpr
# Log file: C:/Users/Jesus Luciano/Desktop/MIPS_CPU/Final_14/vivado.log
# Journal file: C:/Users/Jesus Luciano/Desktop/MIPS_CPU/Final_14\vivado.jou
#-----------------------------------------------------------
start_gui
open_project {C:/Users/Jesus Luciano/Desktop/MIPS_CPU/Final_14/Execution_Unit.xpr}
INFO: [Project 1-313] Project file moved from 'C:/Users/Jesus Luciano/Desktop/MIPS_CPU/Execution_Unit_modified - Copy' since last save.
Scanning sources...
Finished scanning sources
INFO: [IP_Flow 19-234] Refreshing IP repositories
INFO: [IP_Flow 19-1704] No user IP repositories specified
INFO: [IP_Flow 19-2313] Loaded Vivado IP repository 'C:/Xilinx/Vivado/2018.2/data/ip'.
open_project: Time (s): cpu = 00:00:15 ; elapsed = 00:00:09 . Memory (MB): peak = 753.629 ; gain = 85.902
