Vivado Simulator 2018.2
Time resolution is 1 ps
BREAK INSTRUCTION FETCHED 5040.0 ps
 
D i s p l a y i n g   C o n t e n t s   o f   R e g f i l e
R [  0 ]   =   00000000    |   R [ 16 ]   =   100100c0
R [  1 ]   =   12345678    |   R [ 17 ]   =   ffffffff
R [  2 ]   =   87654321    |   R [ 18 ]   =   00000000
R [  3 ]   =   abcdef01    |   R [ 19 ]   =   00000234
R [  4 ]   =   01fedcba    |   R [ 20 ]   =   00000238
R [  5 ]   =   5a5a5a5a    |   R [ 21 ]   =   0000023c
R [  6 ]   =   ffffffff    |   R [ 22 ]   =   00000240
R [  7 ]   =   100103f0    |   R [ 23 ]   =   00000244
R [  8 ]   =   fffffeff    |   R [ 24 ]   =   00000248
R [  9 ]   =   fffffefe    |   R [ 25 ]   =   xxxxxxxx
R [ 10 ]   =   fffffefd    |   R [ 26 ]   =   xxxxxxxx
R [ 11 ]   =   fffffefc    |   R [ 27 ]   =   xxxxxxxx
R [ 12 ]   =   fffffefb    |   R [ 28 ]   =   xxxxxxxx
R [ 13 ]   =   fffffefa    |   R [ 29 ]   =   000003fc
R [ 14 ]   =   fffffef9    |   R [ 30 ]   =   xxxxxxxx
R [ 15 ]   =   fffffef8    |   R [ 31 ]   =   xxxxxxxx
 
D i s p l a y i n g   C o n t e n t s   o f   D a t a   M e m o r y
d M e m [ 3c0 ]   =   xxxxxxxx
d M e m [ 3c4 ]   =   xxxxxxxx
d M e m [ 3c8 ]   =   xxxxxxxx
d M e m [ 3cc ]   =   xxxxxxxx
d M e m [ 3d0 ]   =   xxxxxxxx
d M e m [ 3d4 ]   =   xxxxxxxx
d M e m [ 3d8 ]   =   xxxxxxxx
d M e m [ 3dc ]   =   xxxxxxxx
d M e m [ 3e0 ]   =   xxxxxxxx
d M e m [ 3e4 ]   =   xxxxxxxx
d M e m [ 3e8 ]   =   xxxxxxxx
d M e m [ 3ec ]   =   xxxxxxxx
d M e m [ 3f0 ]   =   fffffef8
d M e m [ 3f4 ]   =   0000001X
d M e m [ 3f8 ]   =   00000014
d M e m [ 3fc ]   =   00000200
 
D i s p l a y i n g   C o n t e n t s   o f   I O   M e m o r y
i M e m [ 0c0 ]   =   8000ffff
i M e m [ 0c4 ]   =   e0003fff
i M e m [ 0c8 ]   =   f8000fff
i M e m [ 0cc ]   =   fe0003ff
i M e m [ 0d0 ]   =   ff8000ff
i M e m [ 0d4 ]   =   ffe0003f
i M e m [ 0d8 ]   =   fff8000f
i M e m [ 0dc ]   =   fffe0003
i M e m [ 0e0 ]   =   ffff8000
i M e m [ 0e4 ]   =   ffffe000
i M e m [ 0e8 ]   =   fffff800
i M e m [ 0ec ]   =   fffffe00
i M e m [ 0f0 ]   =   ffffff80
i M e m [ 0f4 ]   =   ffffffe0
i M e m [ 0f8 ]   =   fffffff8
i M e m [ 0fc ]   =   fffffffe
$finish called at time : 5040 ns : File "C:/Users/Jesus Luciano/Desktop/MIPS_CPU/Final_1-12/Final_14/Final_14.srcs/sources_1/new/MCU.v" Line 789
