#-----------------------------------------------------------
# Vivado v2018.2 (64-bit)
# SW Build 2258646 on Thu Jun 14 20:03:12 MDT 2018
# IP Build 2256618 on Thu Jun 14 22:10:49 MDT 2018
# Start of session at: Tue Feb  5 20:32:54 2019
# Process ID: 7648
# Current directory: C:/Users/Jesus Luciano/Desktop/Computer_Architecture/ALU
# Command line: vivado.exe -gui_launcher_event rodinguilauncherevent992 C:\Users\Jesus Luciano\Desktop\Computer_Architecture\ALU\ALU.xpr
# Log file: C:/Users/Jesus Luciano/Desktop/Computer_Architecture/ALU/vivado.log
# Journal file: C:/Users/Jesus Luciano/Desktop/Computer_Architecture/ALU\vivado.jou
#-----------------------------------------------------------
start_gui
open_project {C:/Users/Jesus Luciano/Desktop/Computer_Architecture/ALU/ALU.xpr}
Scanning sources...
Finished scanning sources
INFO: [IP_Flow 19-234] Refreshing IP repositories
INFO: [IP_Flow 19-1704] No user IP repositories specified
INFO: [IP_Flow 19-2313] Loaded Vivado IP repository 'C:/Xilinx/Vivado/2018.2/data/ip'.
open_project: Time (s): cpu = 00:00:13 ; elapsed = 00:00:08 . Memory (MB): peak = 819.219 ; gain = 106.566
update_compile_order -fileset sources_1
exit
INFO: [Common 17-206] Exiting Vivado at Tue Feb  5 20:42:28 2019...
