#-----------------------------------------------------------
# Vivado v2018.3 (64-bit)
# SW Build 2405991 on Thu Dec  6 23:38:27 MST 2018
# IP Build 2404404 on Fri Dec  7 01:43:56 MST 2018
# Start of session at: Fri Mar 15 04:08:07 2019
# Process ID: 7360
# Current directory: C:/Users/Rosswell/Documents/_440/MIPS_CPU/Execution_Unit
# Command line: vivado.exe -gui_launcher_event rodinguilauncherevent11136 C:\Users\Rosswell\Documents\_440\MIPS_CPU\Execution_Unit\Execution_Unit.xpr
# Log file: C:/Users/Rosswell/Documents/_440/MIPS_CPU/Execution_Unit/vivado.log
# Journal file: C:/Users/Rosswell/Documents/_440/MIPS_CPU/Execution_Unit\vivado.jou
#-----------------------------------------------------------sstart_guieopen_project C:/Users/Rosswell/Documents/_440/MIPS_CPU/Execution_Unit/Execution_Unit.xpr
INFO: [Project 1-313] Project file moved from 'C:/Users/Jesus Luciano/Desktop/MIPS_CPU/Execution_Unit' since last save.
Scanning sources...
Finished scanning sources
INFO: [Project 1-230] Project 'Execution_Unit.xpr' upgraded for this version of Vivado.
INFO: [IP_Flow 19-234] Refreshing IP repositories
INFO: [IP_Flow 19-1704] No user IP repositories specified
INFO: [IP_Flow 19-2313] Loaded Vivado IP repository 'C:/Xilinx/Vivado/2018.3/data/ip'.
open_project: Time (s): cpu = 00:00:18 ; elapsed = 00:00:10 . Memory (MB): peak = 653.477 ; gain = 77.129
update_compile_order -fileset sources_1
