#-----------------------------------------------------------
# Vivado v2018.2 (64-bit)
# SW Build 2258646 on Thu Jun 14 20:03:12 MDT 2018
# IP Build 2256618 on Thu Jun 14 22:10:49 MDT 2018
# Start of session at: Sat Mar  9 16:47:43 2019
# Process ID: 10196
# Current directory: C:/Users/Jesus Luciano/Desktop/MIPS_CPU/Execution_Unit
# Command line: vivado.exe -gui_launcher_event rodinguilauncherevent9968 C:\Users\Jesus Luciano\Desktop\MIPS_CPU\Execution_Unit\Execution_Unit.xpr
# Log file: C:/Users/Jesus Luciano/Desktop/MIPS_CPU/Execution_Unit/vivado.log
# Journal file: C:/Users/Jesus Luciano/Desktop/MIPS_CPU/Execution_Unit\vivado.jou
#-----------------------------------------------------------
start_gui
open_project {C:/Users/Jesus Luciano/Desktop/MIPS_CPU/Execution_Unit/Execution_Unit.xpr}
Scanning sources...
Finished scanning sources
INFO: [IP_Flow 19-234] Refreshing IP repositories
INFO: [IP_Flow 19-1704] No user IP repositories specified
INFO: [IP_Flow 19-2313] Loaded Vivado IP repository 'C:/Xilinx/Vivado/2018.2/data/ip'.
open_project: Time (s): cpu = 00:00:12 ; elapsed = 00:00:08 . Memory (MB): peak = 773.059 ; gain = 120.820
file mkdir C:/Users/Jesus Luciano/Desktop/MIPS_CPU/Execution_Unit/Execution_Unit.srcs/sources_1/new
can't create directory "C:/Users/Jesus": permission denied
file mkdir C:/Users/Jesus Luciano/Desktop/MIPS_CPU/Execution_Unit/Execution_Unit.srcs/sources_1/new
can't create directory "C:/Users/Jesus": permission denied
file mkdir C:/Users/Jesus Luciano/Desktop/MIPS_CPU/Execution_Unit/Execution_Unit.srcs/sources_1/new
can't create directory "C:/Users/Jesus": permission denied
file mkdir C:/Users/Jesus Luciano/Desktop/MIPS_CPU/Execution_Unit/Execution_Unit.srcs/sources_1/new
can't create directory "C:/Users/Jesus": permission denied
file mkdir C:/Users/Jesus Luciano/Desktop/MIPS_CPU/Execution_Unit/Execution_Unit.srcs/sources_1/new
can't create directory "C:/Users/Jesus": permission denied
file mkdir C:/Users/Jesus Luciano/Desktop/MIPS_CPU/Execution_Unit/Execution_Unit.srcs/sources_1/new
can't create directory "C:/Users/Jesus": permission denied
file mkdir C:/Users/Jesus Luciano/Desktop/MIPS_CPU/Execution_Unit/Execution_Unit.srcs/sources_1/new
can't create directory "C:/Users/Jesus": permission denied
file mkdir C:/Users/Jesus Luciano/Desktop/MIPS_CPU/Execution_Unit/Execution_Unit.srcs/sources_1/new
can't create directory "C:/Users/Jesus": permission denied
file mkdir C:/Users/Jesus Luciano/Desktop/MIPS_CPU/Execution_Unit/Execution_Unit.srcs/sources_1/new
can't create directory "C:/Users/Jesus": permission denied
file mkdir C:/Users/Jesus Luciano/Desktop/MIPS_CPU/Execution_Unit/Execution_Unit.srcs/sources_1/new
can't create directory "C:/Users/Jesus": permission denied
file mkdir C:/Users/Jesus Luciano/Desktop/MIPS_CPU/Execution_Unit/Execution_Unit.srcs/sources_1/new
can't create directory "C:/Users/Jesus": permission denied
file mkdir C:/Users/Jesus Luciano/Desktop/MIPS_CPU/Execution_Unit/Execution_Unit.srcs/sources_1/new
can't create directory "C:/Users/Jesus": permission denied
file mkdir C:/Users/Jesus Luciano/Desktop/MIPS_CPU/Execution_Unit/Execution_Unit.srcs/sources_1/new
can't create directory "C:/Users/Jesus": permission denied
file mkdir C:/Users/Jesus Luciano/Desktop/MIPS_CPU/Execution_Unit/Execution_Unit.srcs/sources_1/new
can't create directory "C:/Users/Jesus": permission denied
file mkdir C:/Users/Jesus Luciano/Desktop/MIPS_CPU/Execution_Unit/Execution_Unit.srcs/sources_1/new
can't create directory "C:/Users/Jesus": permission denied
file mkdir C:/Users/Jesus Luciano/Desktop/MIPS_CPU/Execution_Unit/Execution_Unit.srcs/sources_1/new
can't create directory "C:/Users/Jesus": permission denied
file mkdir C:/Users/Jesus Luciano/Desktop/MIPS_CPU/Execution_Unit/Execution_Unit.srcs/sources_1/new
can't create directory "C:/Users/Jesus": permission denied
file mkdir C:/Users/Jesus Luciano/Desktop/MIPS_CPU/Execution_Unit/Execution_Unit.srcs/sources_1/new
can't create directory "C:/Users/Jesus": permission denied
file mkdir C:/Users/Jesus Luciano/Desktop/MIPS_CPU/Execution_Unit/Execution_Unit.srcs/sources_1/new
can't create directory "C:/Users/Jesus": permission denied
file mkdir C:/Users/Jesus Luciano/Desktop/MIPS_CPU/Execution_Unit/Execution_Unit.srcs/sources_1/new
can't create directory "C:/Users/Jesus": permission denied
add_files -norecurse -scan_for_includes {{C:/Users/Jesus Luciano/Desktop/MIPS_CPU/Instruction_Unit/Instruction_Unit.srcs/sources_1/imports/Desktop/MIPS_CPU/Integer_Datapath_2/Integer_Datapath_2.srcs/sources_1/new/Integer_Datapath.v} {C:/Users/Jesus Luciano/Desktop/MIPS_CPU/Instruction_Unit/Instruction_Unit.srcs/sources_1/imports/Desktop/MIPS_CPU/ALU/ALU.srcs/sources_1/new/DIV_32.v} {C:/Users/Jesus Luciano/Desktop/MIPS_CPU/Instruction_Unit/Instruction_Unit.srcs/sources_1/imports/Desktop/MIPS_CPU/ALU/ALU.srcs/sources_1/new/MIPS_32.v} {C:/Users/Jesus Luciano/Desktop/MIPS_CPU/Instruction_Unit/Instruction_Unit.srcs/sources_1/imports/Desktop/MIPS_CPU/ALU/ALU.srcs/sources_1/new/alu_32.v} {C:/Users/Jesus Luciano/Desktop/MIPS_CPU/Instruction_Unit/Instruction_Unit.srcs/sources_1/imports/Desktop/MIPS_CPU/Register_File/Register_File.srcs/sources_1/new/regfile32.v} {C:/Users/Jesus Luciano/Desktop/MIPS_CPU/Instruction_Unit/Instruction_Unit.srcs/sources_1/imports/Desktop/MIPS_CPU/ALU/ALU.srcs/sources_1/new/MPY_32.v}}
import_files -norecurse {{C:/Users/Jesus Luciano/Desktop/MIPS_CPU/Instruction_Unit/Instruction_Unit.srcs/sources_1/imports/Desktop/MIPS_CPU/Integer_Datapath_2/Integer_Datapath_2.srcs/sources_1/new/Integer_Datapath.v} {C:/Users/Jesus Luciano/Desktop/MIPS_CPU/Instruction_Unit/Instruction_Unit.srcs/sources_1/imports/Desktop/MIPS_CPU/ALU/ALU.srcs/sources_1/new/DIV_32.v} {C:/Users/Jesus Luciano/Desktop/MIPS_CPU/Instruction_Unit/Instruction_Unit.srcs/sources_1/imports/Desktop/MIPS_CPU/ALU/ALU.srcs/sources_1/new/MIPS_32.v} {C:/Users/Jesus Luciano/Desktop/MIPS_CPU/Instruction_Unit/Instruction_Unit.srcs/sources_1/imports/Desktop/MIPS_CPU/ALU/ALU.srcs/sources_1/new/alu_32.v} {C:/Users/Jesus Luciano/Desktop/MIPS_CPU/Instruction_Unit/Instruction_Unit.srcs/sources_1/imports/Desktop/MIPS_CPU/Register_File/Register_File.srcs/sources_1/new/regfile32.v} {C:/Users/Jesus Luciano/Desktop/MIPS_CPU/Instruction_Unit/Instruction_Unit.srcs/sources_1/imports/Desktop/MIPS_CPU/ALU/ALU.srcs/sources_1/new/MPY_32.v}}
file mkdir C:/Users/Jesus Luciano/Desktop/MIPS_CPU/Execution_Unit/Execution_Unit.srcs/sources_1/new
can't create directory "C:/Users/Jesus": permission denied
file mkdir {C:/Users/Jesus Luciano/Desktop/MIPS_CPU/Execution_Unit/Execution_Unit.srcs/sources_1/new}
close [ open {C:/Users/Jesus Luciano/Desktop/MIPS_CPU/Execution_Unit/Execution_Unit.srcs/sources_1/new/MCU.v} w ]
add_files {{C:/Users/Jesus Luciano/Desktop/MIPS_CPU/Execution_Unit/Execution_Unit.srcs/sources_1/new/MCU.v}}
close [ open {C:/Users/Jesus Luciano/Desktop/MIPS_CPU/Execution_Unit/Execution_Unit.srcs/sources_1/new/Memory.v} w ]
add_files {{C:/Users/Jesus Luciano/Desktop/MIPS_CPU/Execution_Unit/Execution_Unit.srcs/sources_1/new/Memory.v}}
update_compile_order -fileset sources_1
update_compile_order -fileset sources_1
add_files -norecurse -scan_for_includes {{C:/Users/Jesus Luciano/Desktop/MIPS_CPU/Instruction_Unit/Instruction_Unit.srcs/sources_1/imports/Desktop/Computer_Architecture/Integer_Datapath_2/Integer_Datapath_2.srcs/sources_1/imports/new/reg32.v} {C:/Users/Jesus Luciano/Desktop/MIPS_CPU/Instruction_Unit/Instruction_Unit.srcs/sources_1/new/reg32_inc.v}}
import_files -norecurse {{C:/Users/Jesus Luciano/Desktop/MIPS_CPU/Instruction_Unit/Instruction_Unit.srcs/sources_1/imports/Desktop/Computer_Architecture/Integer_Datapath_2/Integer_Datapath_2.srcs/sources_1/imports/new/reg32.v} {C:/Users/Jesus Luciano/Desktop/MIPS_CPU/Instruction_Unit/Instruction_Unit.srcs/sources_1/new/reg32_inc.v}}
update_compile_order -fileset sources_1
file mkdir C:/Users/Jesus Luciano/Desktop/MIPS_CPU/Execution_Unit/Execution_Unit.srcs/sim_1/new
can't create directory "C:/Users/Jesus": permission denied
file mkdir C:/Users/Jesus Luciano/Desktop/MIPS_CPU/Execution_Unit/Execution_Unit.srcs/sim_1/new
can't create directory "C:/Users/Jesus": permission denied
file mkdir C:/Users/Jesus Luciano/Desktop/MIPS_CPU/Execution_Unit/Execution_Unit.srcs/sim_1/new
can't create directory "C:/Users/Jesus": permission denied
file mkdir C:/Users/Jesus Luciano/Desktop/MIPS_CPU/Execution_Unit/Execution_Unit.srcs/sim_1/new
can't create directory "C:/Users/Jesus": permission denied
file mkdir C:/Users/Jesus Luciano/Desktop/MIPS_CPU/Execution_Unit/Execution_Unit.srcs/sim_1/new
can't create directory "C:/Users/Jesus": permission denied
set_property SOURCE_SET sources_1 [get_filesets sim_1]
file mkdir C:/Users/Jesus Luciano/Desktop/MIPS_CPU/Execution_Unit/Execution_Unit.srcs/sim_1/new
can't create directory "C:/Users/Jesus": permission denied
file mkdir {C:/Users/Jesus Luciano/Desktop/MIPS_CPU/Execution_Unit/Execution_Unit.srcs/sim_1/new}
close [ open {C:/Users/Jesus Luciano/Desktop/MIPS_CPU/Execution_Unit/Execution_Unit.srcs/sim_1/new/Execution_Unit_TB.v} w ]
add_files -fileset sim_1 {{C:/Users/Jesus Luciano/Desktop/MIPS_CPU/Execution_Unit/Execution_Unit.srcs/sim_1/new/Execution_Unit_TB.v}}
update_compile_order -fileset sim_1
close [ open {C:/Users/Jesus Luciano/Desktop/MIPS_CPU/Execution_Unit/Execution_Unit.srcs/sources_1/new/dMem_Lab6.mem} w ]
add_files {{C:/Users/Jesus Luciano/Desktop/MIPS_CPU/Execution_Unit/Execution_Unit.srcs/sources_1/new/dMem_Lab6.mem}}
close [ open {C:/Users/Jesus Luciano/Desktop/MIPS_CPU/Execution_Unit/Execution_Unit.srcs/sources_1/new/iMem_Lab6_with_isr_commented.mem} w ]
add_files {{C:/Users/Jesus Luciano/Desktop/MIPS_CPU/Execution_Unit/Execution_Unit.srcs/sources_1/new/iMem_Lab6_with_isr_commented.mem}}
close [ open {C:/Users/Jesus Luciano/Desktop/MIPS_CPU/Execution_Unit/Execution_Unit.srcs/sources_1/new/iMem_Lab6.mem} w ]
add_files {{C:/Users/Jesus Luciano/Desktop/MIPS_CPU/Execution_Unit/Execution_Unit.srcs/sources_1/new/iMem_Lab6.mem}}
close [ open {C:/Users/Jesus Luciano/Desktop/MIPS_CPU/Execution_Unit/Execution_Unit.srcs/sources_1/new/iMem_Lab6_with_isr.mem} w ]
add_files {{C:/Users/Jesus Luciano/Desktop/MIPS_CPU/Execution_Unit/Execution_Unit.srcs/sources_1/new/iMem_Lab6_with_isr.mem}}
update_ip_catalog
WARNING: [filemgmt 56-199] Attempt to get parsing info during refresh. "On-the-fly" syntax checking information may be incorrect. [C:/Users/Jesus Luciano/Desktop/MIPS_CPU/Execution_Unit/Execution_Unit.srcs/sources_1/imports/MIPS_CPU/Integer_Datapath_2/Integer_Datapath_2.srcs/sources_1/new/Integer_Datapath.v:]
WARNING: [filemgmt 56-199] Attempt to get parsing info during refresh. "On-the-fly" syntax checking information may be incorrect. [C:/Users/Jesus Luciano/Desktop/MIPS_CPU/Execution_Unit/Execution_Unit.srcs/sources_1/new/Memory.v:]
WARNING: [filemgmt 56-199] Attempt to get parsing info during refresh. "On-the-fly" syntax checking information may be incorrect. [C:/Users/Jesus Luciano/Desktop/MIPS_CPU/Execution_Unit/Execution_Unit.srcs/sim_1/new/Execution_Unit_TB.v:]
WARNING: [filemgmt 56-199] Attempt to get parsing info during refresh. "On-the-fly" syntax checking information may be incorrect. [C:/Users/Jesus Luciano/Desktop/MIPS_CPU/Execution_Unit/Execution_Unit.srcs/sources_1/imports/sources_1/new/reg32_inc.v:]
WARNING: [filemgmt 56-199] Attempt to get parsing info during refresh. "On-the-fly" syntax checking information may be incorrect. [C:/Users/Jesus Luciano/Desktop/MIPS_CPU/Execution_Unit/Execution_Unit.srcs/sources_1/new/MCU.v:]
ERROR: [Common 17-180] Spawn failed: No error
update_ip_catalog
update_ip_catalog
update_ip_catalog
exit
INFO: [Common 17-206] Exiting Vivado at Sat Mar  9 22:19:36 2019...
