Vivado Simulator 2018.2
Time resolution is 1 ps
 
 ( 1 )  -  I n i t i a l  C o n t e n t s   o f 
                 R e g i s t e r s
 
Time =   36.0 ps | Register [          0] = 00000000
Time =   46.0 ps | Register [          1] = 12345678
Time =   56.0 ps | Register [          2] = 89abcdef
Time =   66.0 ps | Register [          3] = a5a5a5a5
Time =   76.0 ps | Register [          4] = 5a5a5a5a
Time =   86.0 ps | Register [          5] = 2468ace0
Time =   96.0 ps | Register [          6] = 13579bdf
Time =  106.0 ps | Register [          7] = 0f0f0f0f
Time =  116.0 ps | Register [          8] = f0f0f0f0
Time =  126.0 ps | Register [          9] = 00000009
Time =  136.0 ps | Register [         10] = 0000000a
Time =  146.0 ps | Register [         11] = 0000000b
Time =  156.0 ps | Register [         12] = 0000000c
Time =  166.0 ps | Register [         13] = 0000000d
Time =  176.0 ps | Register [         14] = fffffff8
Time =  186.0 ps | Register [         15] = 000075cc

 ( 2 )  -  F i n a l  C o n t e n t s  o f
       R e g i s t e r s   a n d   M e m o r y
 
Time =  586.0 ps | Register [          0] = 00000000
Time =  596.0 ps | Register [          1] = ffffffff
Time =  606.0 ps | Register [          2] = 00000007
Time =  616.0 ps | Register [          3] = 2d2d2d2d
Time =  626.0 ps | Register [          4] = 48d159c0
Time =  636.0 ps | Register [          5] = fffff147
Time =  646.0 ps | Register [          6] = 00000004
Time =  656.0 ps | Register [          7] = ffffffc9
Time =  666.0 ps | Register [          8] = ffffffff
Time =  676.0 ps | Register [          9] = ffffffea
Time =  686.0 ps | Register [         10] = fffffff6
Time =  696.0 ps | Register [         11] = fffffff4
Time =  706.0 ps | Register [         12] = abcdef01
Time =  716.0 ps | Register [         13] = 100100c0
Time =  726.0 ps | Register [         14] = fffffff8
Time =  736.0 ps | Register [         15] = 000075cc
 
Memory Address: ff8 | Data: 00000000
 
$finish called at time : 746 ns : File "C:/Users/Jesus Luciano/Desktop/MIPS_CPU/Integer_Datapath_2/Integer_
Datapath_2.srcs/sim_1/new/Integer_Datapath_TB.v" Line 540
