#-----------------------------------------------------------
# Vivado v2018.2 (64-bit)
# SW Build 2258646 on Thu Jun 14 20:03:12 MDT 2018
# IP Build 2256618 on Thu Jun 14 22:10:49 MDT 2018
# Start of session at: Thu Mar 21 20:31:29 2019
# Process ID: 4976
# Current directory: C:/Users/Jesus Luciano/Desktop/MIPS_CPU/Execution_Unit_modified
# Command line: vivado.exe -gui_launcher_event rodinguilauncherevent7840 C:\Users\Jesus Luciano\Desktop\MIPS_CPU\Execution_Unit_modified\Execution_Unit.xpr
# Log file: C:/Users/Jesus Luciano/Desktop/MIPS_CPU/Execution_Unit_modified/vivado.log
# Journal file: C:/Users/Jesus Luciano/Desktop/MIPS_CPU/Execution_Unit_modified\vivado.jou
#-----------------------------------------------------------
start_gui
open_project {C:/Users/Jesus Luciano/Desktop/MIPS_CPU/Execution_Unit_modified/Execution_Unit.xpr}
INFO: [Project 1-313] Project file moved from 'C:/Users/Jesus Luciano/Desktop/MIPS_CPU/Execution_Unit' since last save.
Scanning sources...
Finished scanning sources
INFO: [IP_Flow 19-234] Refreshing IP repositories
INFO: [IP_Flow 19-1704] No user IP repositories specified
INFO: [IP_Flow 19-2313] Loaded Vivado IP repository 'C:/Xilinx/Vivado/2018.2/data/ip'.
open_project: Time (s): cpu = 00:00:16 ; elapsed = 00:00:12 . Memory (MB): peak = 753.723 ; gain = 66.824
update_compile_order -fileset sources_1
