#-----------------------------------------------------------
# Vivado v2018.2 (64-bit)
# SW Build 2258646 on Thu Jun 14 20:03:12 MDT 2018
# IP Build 2256618 on Thu Jun 14 22:10:49 MDT 2018
# Start of session at: Thu Mar  7 13:50:56 2019
# Process ID: 8764
# Current directory: C:/Users/Jesus Luciano/Desktop/MIPS_CPU/Instruction_Unit
# Command line: vivado.exe -gui_launcher_event rodinguilauncherevent8596 C:\Users\Jesus Luciano\Desktop\MIPS_CPU\Instruction_Unit\Instruction_Unit.xpr
# Log file: C:/Users/Jesus Luciano/Desktop/MIPS_CPU/Instruction_Unit/vivado.log
# Journal file: C:/Users/Jesus Luciano/Desktop/MIPS_CPU/Instruction_Unit\vivado.jou
#-----------------------------------------------------------
start_gui
open_project {C:/Users/Jesus Luciano/Desktop/MIPS_CPU/Instruction_Unit/Instruction_Unit.xpr}
Scanning sources...
Finished scanning sources
INFO: [IP_Flow 19-234] Refreshing IP repositories
INFO: [IP_Flow 19-1704] No user IP repositories specified
INFO: [IP_Flow 19-2313] Loaded Vivado IP repository 'C:/Xilinx/Vivado/2018.2/data/ip'.
open_project: Time (s): cpu = 00:00:15 ; elapsed = 01:07:01 . Memory (MB): peak = 773.309 ; gain = 115.438
update_compile_order -fileset sources_1
