#-----------------------------------------------------------
# Vivado v2018.2 (64-bit)
# SW Build 2258646 on Thu Jun 14 20:03:12 MDT 2018
# IP Build 2256618 on Thu Jun 14 22:10:49 MDT 2018
# Start of session at: Mon Apr 15 11:27:05 2019
# Process ID: 6356
# Current directory: C:/Users/Jesus Luciano/Desktop/MIPS_CPU/Final_14
# Command line: vivado.exe -gui_launcher_event rodinguilauncherevent9464 C:\Users\Jesus Luciano\Desktop\MIPS_CPU\Final_14\Final_14.xpr
# Log file: C:/Users/Jesus Luciano/Desktop/MIPS_CPU/Final_14/vivado.log
# Journal file: C:/Users/Jesus Luciano/Desktop/MIPS_CPU/Final_14\vivado.jou
#-----------------------------------------------------------
start_gui
open_project {C:/Users/Jesus Luciano/Desktop/MIPS_CPU/Final_14/Final_14.xpr}
Scanning sources...
Finished scanning sources
INFO: [IP_Flow 19-234] Refreshing IP repositories
INFO: [IP_Flow 19-1704] No user IP repositories specified
INFO: [IP_Flow 19-2313] Loaded Vivado IP repository 'C:/Xilinx/Vivado/2018.2/data/ip'.
open_project: Time (s): cpu = 00:00:14 ; elapsed = 00:00:10 . Memory (MB): peak = 783.879 ; gain = 96.340
update_compile_order -fileset sources_1
exit
INFO: [Common 17-206] Exiting Vivado at Mon Apr 15 11:38:37 2019...
