#-----------------------------------------------------------
# Vivado v2018.2 (64-bit)
# SW Build 2258646 on Thu Jun 14 20:03:12 MDT 2018
# IP Build 2256618 on Thu Jun 14 22:10:49 MDT 2018
# Start of session at: Fri Apr 12 22:20:47 2019
# Process ID: 10928
# Current directory: C:/Users/Jesus Luciano/Desktop/MIPS_CPU/Final_14
# Command line: vivado.exe -gui_launcher_event rodinguilauncherevent10572 C:\Users\Jesus Luciano\Desktop\MIPS_CPU\Final_14\Final_14.xpr
# Log file: C:/Users/Jesus Luciano/Desktop/MIPS_CPU/Final_14/vivado.log
# Journal file: C:/Users/Jesus Luciano/Desktop/MIPS_CPU/Final_14\vivado.jou
#-----------------------------------------------------------
start_gui
open_project {C:/Users/Jesus Luciano/Desktop/MIPS_CPU/Final_14/Final_14.xpr}
INFO: [Project 1-313] Project file moved from 'C:/Users/Jesus Luciano/Desktop/MIPS_CPU/Final_1-12/Final_14' since last save.
Scanning sources...
Finished scanning sources
INFO: [IP_Flow 19-234] Refreshing IP repositories
INFO: [IP_Flow 19-1704] No user IP repositories specified
INFO: [IP_Flow 19-2313] Loaded Vivado IP repository 'C:/Xilinx/Vivado/2018.2/data/ip'.
open_project: Time (s): cpu = 00:00:12 ; elapsed = 00:00:07 . Memory (MB): peak = 750.438 ; gain = 84.016
update_compile_order -fileset sources_1
exit
INFO: [Common 17-206] Exiting Vivado at Sun Apr 14 18:59:04 2019...
