Vivado Simulator 2018.2
Copyright 1986-1999, 2001-2018 Xilinx, Inc. All Rights Reserved.
Running: C:/Xilinx/Vivado/2018.2/bin/unwrapped/win64.o/xelab.exe -wto c731a10fb9f4461ba038dcc614b8253e --incr --debug typical --relax --mt 2 -L xil_defaultlib -L unisims_ver -L unimacro_ver -L secureip --snapshot CPU_EU_TB_behav xil_defaultlib.CPU_EU_TB xil_defaultlib.glbl -log elaborate.log 
Using 2 slave threads.
Starting static elaboration
Completed static elaboration
Starting simulation data flow analysis
Completed simulation data flow analysis
Time Resolution for simulation is 1ps
Compiling module xil_defaultlib.reg32_inc
Compiling module xil_defaultlib.Memory
Compiling module xil_defaultlib.reg32
Compiling module xil_defaultlib.CPU_IU
Compiling module xil_defaultlib.MIPS_32
Compiling module xil_defaultlib.DIV_32
Compiling module xil_defaultlib.MPY_32
Compiling module xil_defaultlib.alu_32
Compiling module xil_defaultlib.regfile32
Compiling module xil_defaultlib.Integer_Datapath
Compiling module xil_defaultlib.CPU_EU_TB
Compiling module xil_defaultlib.glbl
Built simulation snapshot CPU_EU_TB_behav
