Vivado Simulator 2018.2
Time resolution is 1 ps
 
R e g f i l e   I n i t i a l   C o n t e n t s 
 
Time =   30.0 ps | Register [0] = 00000000
Time =   40.0 ps | Register [1] = 12345678
Time =   50.0 ps | Register [2] = 89abcdef
Time =   60.0 ps | Register [3] = a5a5a5a5
Time =   70.0 ps | Register [4] = 5a5a5a5a
Time =   80.0 ps | Register [5] = 2468ace0
Time =   90.0 ps | Register [6] = 13579bdf
Time =  100.0 ps | Register [7] = 0f0f0f0f
Time =  110.0 ps | Register [8] = f0f0f0f0
Time =  120.0 ps | Register [9] = 00000009
Time =  130.0 ps | Register [a] = 0000000a
Time =  140.0 ps | Register [b] = 0000000b
Time =  150.0 ps | Register [c] = 0000000c
Time =  160.0 ps | Register [d] = 0000000d
Time =  170.0 ps | Register [e] = fffffff8
Time =  180.0 ps | Register [f] = 000075cc
 
R e g f i l e   F i n a l   C o n t e n t s
Time =  700.0 ps | Register [0] = 00000000
Time =  710.0 ps | Register [1] = ffffffff
Time =  720.0 ps | Register [2] = 00000007
Time =  730.0 ps | Register [3] = 2d2d2d2d
Time =  740.0 ps | Register [4] = 48d159c0
Time =  750.0 ps | Register [5] = fffff147
Time =  760.0 ps | Register [6] = 00000004
Time =  770.0 ps | Register [7] = ffffffc9
Time =  780.0 ps | Register [8] = ffffffff
Time =  790.0 ps | Register [9] = ffffffea
Time =  800.0 ps | Register [a] = fffffff6
Time =  810.0 ps | Register [b] = fffffff4
Time =  820.0 ps | Register [c] = abcdef01
Time =  830.0 ps | Register [d] = 0000000d
Time =  840.0 ps | Register [e] = fffffff8
Time =  850.0 ps | Register [f] = 000075cc
 
d M e m o r y   F i n a l   C o n t e n t s
Time =  860.0 ps | dMem [ff8] = ab cd ef 01
$finish called at time : 860 ns : File "C:/Users/Jesus Luciano/Desktop/MIPS_CPU/Instruction_Unit/Instruction_Unit.srcs/sources_1/new/CPU_EU_TB.v" Line 568
