Vivado Simulator 2018.2
Time resolution is 1 ps
BREAK INSTRUCTION FETCHED 1055.0 ps
 
 
D i s p l a y i n g   C o n t e n t s   o f   R e g f i l e

R[ 0] = 00000000
R[ 1] = 12345678
R[ 2] = 87654321
R[ 3] = abcdef01
R[ 4] = 01fedcba
R[ 5] = 5a5a5a5a
R[ 6] = ffffffff
R[ 7] = 100103f0
R[ 8] = fffffeff
R[ 9] = fffffefe
R[10] = fffffefd
R[11] = fffffefc
R[12] = fffffefb
R[13] = fffffefa
R[14] = fffffef9
R[15] = fffffef8
 
D a t a   M e m o r y   a f t e r   B r e a k
 
dMem[3f0] = 0xfffffef8
 
$finish called at time : 1060 ns : File "C:/Users/Jesus Luciano/Desktop/MIPS_CPU/Execution_Unit/Execution_Unit.srcs/sources_1/new/MCU.v" Line 249
