#-----------------------------------------------------------
# Vivado v2018.2 (64-bit)
# SW Build 2258646 on Thu Jun 14 20:03:12 MDT 2018
# IP Build 2256618 on Thu Jun 14 22:10:49 MDT 2018
# Start of session at: Mon Feb 25 19:50:04 2019
# Process ID: 2716
# Current directory: C:/Users/Jesus Luciano/Desktop/Computer_Architecture/Integer_Datapath_2
# Command line: vivado.exe -gui_launcher_event rodinguilauncherevent5500 C:\Users\Jesus Luciano\Desktop\Computer_Architecture\Integer_Datapath_2\Integer_Datapath_2.xpr
# Log file: C:/Users/Jesus Luciano/Desktop/Computer_Architecture/Integer_Datapath_2/vivado.log
# Journal file: C:/Users/Jesus Luciano/Desktop/Computer_Architecture/Integer_Datapath_2\vivado.jou
#-----------------------------------------------------------
start_gui
open_project {C:/Users/Jesus Luciano/Desktop/Computer_Architecture/Integer_Datapath_2/Integer_Datapath_2.xpr}
Scanning sources...
Finished scanning sources
INFO: [IP_Flow 19-234] Refreshing IP repositories
INFO: [IP_Flow 19-1704] No user IP repositories specified
INFO: [IP_Flow 19-2313] Loaded Vivado IP repository 'C:/Xilinx/Vivado/2018.2/data/ip'.
open_project: Time (s): cpu = 00:00:13 ; elapsed = 00:00:07 . Memory (MB): peak = 798.074 ; gain = 73.750
update_compile_order -fileset sources_1
file mkdir C:/Users/Jesus Luciano/Desktop/Computer_Architecture/Integer_Datapath_2/Integer_Datapath_2.srcs/sim_1/new
can't create directory "C:/Users/Jesus": permission denied
file mkdir C:/Users/Jesus Luciano/Desktop/Computer_Architecture/Integer_Datapath_2/Integer_Datapath_2.srcs/sim_1/new
can't create directory "C:/Users/Jesus": permission denied
file mkdir C:/Users/Jesus Luciano/Desktop/Computer_Architecture/Integer_Datapath_2/Integer_Datapath_2.srcs/sim_1/new
can't create directory "C:/Users/Jesus": permission denied
file mkdir C:/Users/Jesus Luciano/Desktop/Computer_Architecture/Integer_Datapath_2/Integer_Datapath_2.srcs/sim_1/new
can't create directory "C:/Users/Jesus": permission denied
file mkdir C:/Users/Jesus Luciano/Desktop/Computer_Architecture/Integer_Datapath_2/Integer_Datapath_2.srcs/sim_1/new
can't create directory "C:/Users/Jesus": permission denied
set_property SOURCE_SET sources_1 [get_filesets sim_1]
file mkdir C:/Users/Jesus Luciano/Desktop/Computer_Architecture/Integer_Datapath_2/Integer_Datapath_2.srcs/sim_1/new
can't create directory "C:/Users/Jesus": permission denied
file mkdir {C:/Users/Jesus Luciano/Desktop/Computer_Architecture/Integer_Datapath_2/Integer_Datapath_2.srcs/sim_1/new}
close [ open {C:/Users/Jesus Luciano/Desktop/Computer_Architecture/Integer_Datapath_2/Integer_Datapath_2.srcs/sim_1/new/Integer_Datapath_TB.v} w ]
add_files -fileset sim_1 {{C:/Users/Jesus Luciano/Desktop/Computer_Architecture/Integer_Datapath_2/Integer_Datapath_2.srcs/sim_1/new/Integer_Datapath_TB.v}}
update_compile_order -fileset sim_1
exit
INFO: [Common 17-206] Exiting Vivado at Mon Feb 25 19:58:10 2019...
