#-----------------------------------------------------------
# Vivado v2018.2 (64-bit)
# SW Build 2258646 on Thu Jun 14 20:03:12 MDT 2018
# IP Build 2256618 on Thu Jun 14 22:10:49 MDT 2018
# Start of session at: Thu Feb 28 19:39:25 2019
# Process ID: 6744
# Current directory: C:/Users/Jesus Luciano/Desktop/MIPS_CPU/Integer_Datapath_2
# Command line: vivado.exe -gui_launcher_event rodinguilauncherevent3536 C:\Users\Jesus Luciano\Desktop\MIPS_CPU\Integer_Datapath_2\Integer_Datapath_2.xpr
# Log file: C:/Users/Jesus Luciano/Desktop/MIPS_CPU/Integer_Datapath_2/vivado.log
# Journal file: C:/Users/Jesus Luciano/Desktop/MIPS_CPU/Integer_Datapath_2\vivado.jou
#-----------------------------------------------------------
start_gui
open_project {C:/Users/Jesus Luciano/Desktop/MIPS_CPU/Integer_Datapath_2/Integer_Datapath_2.xpr}
INFO: [Project 1-313] Project file moved from 'C:/Users/Jesus Luciano/Desktop/Computer_Architecture/Integer_Datapath_2' since last save.
Scanning sources...
Finished scanning sources
INFO: [IP_Flow 19-234] Refreshing IP repositories
INFO: [IP_Flow 19-1704] No user IP repositories specified
INFO: [IP_Flow 19-2313] Loaded Vivado IP repository 'C:/Xilinx/Vivado/2018.2/data/ip'.
open_project: Time (s): cpu = 00:00:15 ; elapsed = 00:00:11 . Memory (MB): peak = 779.602 ; gain = 76.418
update_compile_order -fileset sources_1
exit
INFO: [Common 17-206] Exiting Vivado at Thu Feb 28 20:24:50 2019...
