#-----------------------------------------------------------
# Vivado v2018.2 (64-bit)
# SW Build 2258646 on Thu Jun 14 20:03:12 MDT 2018
# IP Build 2256618 on Thu Jun 14 22:10:49 MDT 2018
# Start of session at: Mon Feb  4 18:15:41 2019
# Process ID: 10328
# Current directory: C:/Users/Jesus Luciano/Desktop/Computer_Architecture/ALU
# Command line: vivado.exe -gui_launcher_event rodinguilauncherevent5760 C:\Users\Jesus Luciano\Desktop\Computer_Architecture\ALU\ALU.xpr
# Log file: C:/Users/Jesus Luciano/Desktop/Computer_Architecture/ALU/vivado.log
# Journal file: C:/Users/Jesus Luciano/Desktop/Computer_Architecture/ALU\vivado.jou
#-----------------------------------------------------------
start_gui
open_project {C:/Users/Jesus Luciano/Desktop/Computer_Architecture/ALU/ALU.xpr}
Scanning sources...
Finished scanning sources
INFO: [IP_Flow 19-234] Refreshing IP repositories
INFO: [IP_Flow 19-1704] No user IP repositories specified
INFO: [IP_Flow 19-2313] Loaded Vivado IP repository 'C:/Xilinx/Vivado/2018.2/data/ip'.
open_project: Time (s): cpu = 00:00:14 ; elapsed = 00:00:09 . Memory (MB): peak = 810.352 ; gain = 99.539
update_compile_order -fileset sources_1
