#-----------------------------------------------------------
# Vivado v2018.2 (64-bit)
# SW Build 2258646 on Thu Jun 14 20:03:12 MDT 2018
# IP Build 2256618 on Thu Jun 14 22:10:49 MDT 2018
# Start of session at: Mon Mar 25 15:29:02 2019
# Process ID: 8824
# Current directory: C:/Users/Jesus Luciano/Desktop/MIPS_CPU/Execution_Unit_modified
# Command line: vivado.exe -gui_launcher_event rodinguilauncherevent8660 C:\Users\Jesus Luciano\Desktop\MIPS_CPU\Execution_Unit_modified\Execution_Unit.xpr
# Log file: C:/Users/Jesus Luciano/Desktop/MIPS_CPU/Execution_Unit_modified/vivado.log
# Journal file: C:/Users/Jesus Luciano/Desktop/MIPS_CPU/Execution_Unit_modified\vivado.jou
#-----------------------------------------------------------
start_gui
open_project {C:/Users/Jesus Luciano/Desktop/MIPS_CPU/Execution_Unit_modified/Execution_Unit.xpr}
Scanning sources...
Finished scanning sources
INFO: [IP_Flow 19-234] Refreshing IP repositories
INFO: [IP_Flow 19-1704] No user IP repositories specified
INFO: [IP_Flow 19-2313] Loaded Vivado IP repository 'C:/Xilinx/Vivado/2018.2/data/ip'.
open_project: Time (s): cpu = 00:00:12 ; elapsed = 00:00:09 . Memory (MB): peak = 748.930 ; gain = 82.996
update_compile_order -fileset sources_1
exit
INFO: [Common 17-206] Exiting Vivado at Mon Mar 25 21:51:58 2019...
