#-----------------------------------------------------------
# Vivado v2018.2 (64-bit)
# SW Build 2258646 on Thu Jun 14 20:03:12 MDT 2018
# IP Build 2256618 on Thu Jun 14 22:10:49 MDT 2018
# Start of session at: Sun Feb 10 17:44:16 2019
# Process ID: 10664
# Current directory: C:/Users/Jesus Luciano/Desktop/Computer_Architecture/Register_File
# Command line: vivado.exe -gui_launcher_event rodinguilauncherevent6696 C:\Users\Jesus Luciano\Desktop\Computer_Architecture\Register_File\Register_File.xpr
# Log file: C:/Users/Jesus Luciano/Desktop/Computer_Architecture/Register_File/vivado.log
# Journal file: C:/Users/Jesus Luciano/Desktop/Computer_Architecture/Register_File\vivado.jou
#-----------------------------------------------------------
start_gui
open_project {C:/Users/Jesus Luciano/Desktop/Computer_Architecture/Register_File/Register_File.xpr}
Scanning sources...
Finished scanning sources
INFO: [IP_Flow 19-234] Refreshing IP repositories
INFO: [IP_Flow 19-1704] No user IP repositories specified
INFO: [IP_Flow 19-2313] Loaded Vivado IP repository 'C:/Xilinx/Vivado/2018.2/data/ip'.
open_project: Time (s): cpu = 00:00:12 ; elapsed = 00:00:08 . Memory (MB): peak = 801.922 ; gain = 89.664
update_compile_order -fileset sources_1
