Vivado Simulator 2018.2
Time resolution is 1 ps
T =   30.0 ps | State = RESET  | Next State = FETCH  | PC = 00000000 | IR = 00000000
T =   40.0 ps | State = FETCH  | Next State = DECODE | PC = 00000000 | IR = 00000000
T =   50.0 ps | State = DECODE | Next State =I/J-Type| PC = 00000004 | IR = 3c0f1001
T =   61.0 ps | State = LUI    | Next State = WB_imm | PC = 00000004 | IR = 3c0f1001
T =   70.0 ps | State = WB_imm | Next State = FETCH  | PC = 00000004 | IR = 3c0f1001
T =   80.0 ps | State = FETCH  | Next State = DECODE | PC = 00000004 | IR = 3c0f1001
T =   90.0 ps | State = DECODE | Next State =I/J-Type| PC = 00000008 | IR = 35ef0000
T =  101.0 ps | State = ORI    | Next State = WB_imm | PC = 00000008 | IR = 35ef0000
T =  110.0 ps | State = WB_imm | Next State = FETCH  | PC = 00000008 | IR = 35ef0000
T =  120.0 ps | State = FETCH  | Next State = DECODE | PC = 00000008 | IR = 35ef0000
T =  130.0 ps | State = DECODE | Next State =I/J-Type| PC = 0000000c | IR = 8de10000
T =  140.0 ps | State = LW_1   | Next State = LW_2   | PC = 0000000c | IR = 8de10000
T =  150.0 ps | State = LW_2   | Next State = WB_lw   | PC = 0000000c | IR = 8de10000
T =  160.0 ps | State = WB_lw  | Next State = FETCH  | PC = 0000000c | IR = 8de10000
T =  170.0 ps | State = FETCH  | Next State = DECODE | PC = 0000000c | IR = 8de10000
T =  180.0 ps | State = DECODE | Next State =I/J-Type| PC = 00000010 | IR = 8de20004
T =  190.0 ps | State = LW_1   | Next State = LW_2   | PC = 00000010 | IR = 8de20004
T =  200.0 ps | State = LW_2   | Next State = WB_lw   | PC = 00000010 | IR = 8de20004
T =  210.0 ps | State = WB_lw  | Next State = FETCH  | PC = 00000010 | IR = 8de20004
T =  220.0 ps | State = FETCH  | Next State = DECODE | PC = 00000010 | IR = 8de20004
T =  230.0 ps | State = DECODE | Next State =I/J-Type| PC = 00000014 | IR = 8de30008
T =  240.0 ps | State = LW_1   | Next State = LW_2   | PC = 00000014 | IR = 8de30008
T =  250.0 ps | State = LW_2   | Next State = WB_lw   | PC = 00000014 | IR = 8de30008
T =  260.0 ps | State = WB_lw  | Next State = FETCH  | PC = 00000014 | IR = 8de30008
T =  270.0 ps | State = FETCH  | Next State = DECODE | PC = 00000014 | IR = 8de30008
T =  280.0 ps | State = DECODE | Next State =I/J-Type| PC = 00000018 | IR = 8de4000c
T =  290.0 ps | State = LW_1   | Next State = LW_2   | PC = 00000018 | IR = 8de4000c
T =  300.0 ps | State = LW_2   | Next State = WB_lw   | PC = 00000018 | IR = 8de4000c
T =  310.0 ps | State = WB_lw  | Next State = FETCH  | PC = 00000018 | IR = 8de4000c
T =  320.0 ps | State = FETCH  | Next State = DECODE | PC = 00000018 | IR = 8de4000c
T =  330.0 ps | State = DECODE | Next State =I/J-Type| PC = 0000001c | IR = 8de50010
T =  340.0 ps | State = LW_1   | Next State = LW_2   | PC = 0000001c | IR = 8de50010
T =  350.0 ps | State = LW_2   | Next State = WB_lw   | PC = 0000001c | IR = 8de50010
T =  360.0 ps | State = WB_lw  | Next State = FETCH  | PC = 0000001c | IR = 8de50010
T =  370.0 ps | State = FETCH  | Next State = DECODE | PC = 0000001c | IR = 8de50010
T =  380.0 ps | State = DECODE | Next State =I/J-Type| PC = 00000020 | IR = 8de60014
T =  390.0 ps | State = LW_1   | Next State = LW_2   | PC = 00000020 | IR = 8de60014
T =  400.0 ps | State = LW_2   | Next State = WB_lw   | PC = 00000020 | IR = 8de60014
T =  410.0 ps | State = WB_lw  | Next State = FETCH  | PC = 00000020 | IR = 8de60014
T =  420.0 ps | State = FETCH  | Next State = DECODE | PC = 00000020 | IR = 8de60014
T =  430.0 ps | State = DECODE | Next State =I/J-Type| PC = 00000024 | IR = 8de70018
T =  440.0 ps | State = LW_1   | Next State = LW_2   | PC = 00000024 | IR = 8de70018
T =  450.0 ps | State = LW_2   | Next State = WB_lw   | PC = 00000024 | IR = 8de70018
T =  460.0 ps | State = WB_lw  | Next State = FETCH  | PC = 00000024 | IR = 8de70018
T =  470.0 ps | State = FETCH  | Next State = DECODE | PC = 00000024 | IR = 8de70018
T =  480.0 ps | State = DECODE | Next State = R-Type | PC = 00000028 | IR = 00220018
T =  491.0 ps | State = MULT   | Next State = FETCH  | PC = 00000028 | IR = 00220018
T =  500.0 ps | State = FETCH  | Next State = DECODE | PC = 00000028 | IR = 00220018
T =  510.0 ps | State = DECODE | Next State = R-Type | PC = 0000002c | IR = 00004012
T =  520.0 ps | State = MFLO   | Next State = FETCH  | PC = 0000002c | IR = 00004012
T =  530.0 ps | State = FETCH  | Next State = DECODE | PC = 0000002c | IR = 00004012
T =  540.0 ps | State = DECODE | Next State = R-Type | PC = 00000030 | IR = 14a80010
T =  551.0 ps | State = BNE_1  | Next State = BNE_2  | PC = 00000030 | IR = 14a80010
T =  560.0 ps | State = BNE_2  | Next State = FETCH  | PC = 00000030 | IR = 14a80010
T =  570.0 ps | State = FETCH  | Next State = DECODE | PC = 00000030 | IR = 14a80010
T =  580.0 ps | State = DECODE | Next State = R-Type | PC = 00000034 | IR = 00620018
T =  591.0 ps | State = MULT   | Next State = FETCH  | PC = 00000034 | IR = 00620018
T =  600.0 ps | State = FETCH  | Next State = DECODE | PC = 00000034 | IR = 00620018
T =  610.0 ps | State = DECODE | Next State = R-Type | PC = 00000038 | IR = 00004812
T =  620.0 ps | State = MFLO   | Next State = FETCH  | PC = 00000038 | IR = 00004812
T =  630.0 ps | State = FETCH  | Next State = DECODE | PC = 00000038 | IR = 00004812
T =  640.0 ps | State = DECODE | Next State = R-Type | PC = 0000003c | IR = 00005010
T =  650.0 ps | State = MFHI   | Next State = FETCH  | PC = 0000003c | IR = 00005010
T =  660.0 ps | State = FETCH  | Next State = DECODE | PC = 0000003c | IR = 00005010
T =  670.0 ps | State = DECODE | Next State = R-Type | PC = 00000040 | IR = 14c9000f
T =  681.0 ps | State = BNE_1  | Next State = BNE_2  | PC = 00000040 | IR = 14c9000f
T =  690.0 ps | State = BNE_2  | Next State = FETCH  | PC = 00000040 | IR = 14c9000f
T =  700.0 ps | State = FETCH  | Next State = DECODE | PC = 00000040 | IR = 14c9000f
T =  710.0 ps | State = DECODE | Next State = R-Type | PC = 00000044 | IR = 14ea0011
T =  721.0 ps | State = BNE_1  | Next State = BNE_2  | PC = 00000044 | IR = 14ea0011
T =  730.0 ps | State = BNE_2  | Next State = FETCH  | PC = 00000044 | IR = 14ea0011
T =  740.0 ps | State = FETCH  | Next State = DECODE | PC = 00000044 | IR = 14ea0011
T =  750.0 ps | State = DECODE | Next State = R-Type | PC = 00000048 | IR = 00240018
T =  761.0 ps | State = MULT   | Next State = FETCH  | PC = 00000048 | IR = 00240018
T =  770.0 ps | State = FETCH  | Next State = DECODE | PC = 00000048 | IR = 00240018
T =  780.0 ps | State = DECODE | Next State = R-Type | PC = 0000004c | IR = 00005812
T =  790.0 ps | State = MFLO   | Next State = FETCH  | PC = 0000004c | IR = 00005812
T =  800.0 ps | State = FETCH  | Next State = DECODE | PC = 0000004c | IR = 00005812
T =  810.0 ps | State = DECODE | Next State = R-Type | PC = 00000050 | IR = 00006010
T =  820.0 ps | State = MFHI   | Next State = FETCH  | PC = 00000050 | IR = 00006010
T =  830.0 ps | State = FETCH  | Next State = DECODE | PC = 00000050 | IR = 00006010
T =  840.0 ps | State = DECODE | Next State = R-Type | PC = 00000054 | IR = 14cb0010
T =  851.0 ps | State = BNE_1  | Next State = BNE_2  | PC = 00000054 | IR = 14cb0010
T =  860.0 ps | State = BNE_2  | Next State = FETCH  | PC = 00000054 | IR = 14cb0010
T =  870.0 ps | State = FETCH  | Next State = DECODE | PC = 00000054 | IR = 14cb0010
T =  880.0 ps | State = DECODE | Next State = R-Type | PC = 00000058 | IR = 14ec0012
T =  891.0 ps | State = BNE_1  | Next State = BNE_2  | PC = 00000058 | IR = 14ec0012
T =  900.0 ps | State = BNE_2  | Next State = FETCH  | PC = 00000058 | IR = 14ec0012
T =  910.0 ps | State = FETCH  | Next State = DECODE | PC = 00000058 | IR = 14ec0012
T =  920.0 ps | State = DECODE | Next State = R-Type | PC = 0000005c | IR = 00640018
T =  931.0 ps | State = MULT   | Next State = FETCH  | PC = 0000005c | IR = 00640018
T =  940.0 ps | State = FETCH  | Next State = DECODE | PC = 0000005c | IR = 00640018
T =  950.0 ps | State = DECODE | Next State = R-Type | PC = 00000060 | IR = 00006812
T =  960.0 ps | State = MFLO   | Next State = FETCH  | PC = 00000060 | IR = 00006812
T =  970.0 ps | State = FETCH  | Next State = DECODE | PC = 00000060 | IR = 00006812
T =  980.0 ps | State = DECODE | Next State = R-Type | PC = 00000064 | IR = 14ad0012
T =  991.0 ps | State = BNE_1  | Next State = BNE_2  | PC = 00000064 | IR = 14ad0012
T = 1000.0 ps | State = BNE_2  | Next State = FETCH  | PC = 00000064 | IR = 14ad0012
T = 1010.0 ps | State = FETCH  | Next State = DECODE | PC = 00000064 | IR = 14ad0012
T = 1020.0 ps | State = DECODE | Next State =I/J-Type| PC = 00000068 | IR = 3c0e0000
T = 1031.0 ps | State = LUI    | Next State = WB_imm | PC = 00000068 | IR = 3c0e0000
T = 1040.0 ps | State = WB_imm | Next State = FETCH  | PC = 00000068 | IR = 3c0e0000
T = 1050.0 ps | State = FETCH  | Next State = DECODE | PC = 00000068 | IR = 3c0e0000
T = 1060.0 ps | State = DECODE | Next State =I/J-Type| PC = 0000006c | IR = 35ce0000
T = 1071.0 ps | State = ORI    | Next State = WB_imm | PC = 0000006c | IR = 35ce0000
T = 1080.0 ps | State = WB_imm | Next State = FETCH  | PC = 0000006c | IR = 35ce0000
T = 1090.0 ps | State = FETCH  | Next State = DECODE | PC = 0000006c | IR = 35ce0000
T = 1100.0 ps | State = DECODE | Next State = R-Type | PC = 00000070 | IR = 0000000d
BREAK INSTRUCTION FETCHED 1105.0 ps
 
D i s p l a y i n g   C o n t e n t s   o f   R e g f i l e
R [  0 ]   =   00000000    |   R [         16 ]   =   xxxxxxxx
R [  1 ]   =   00000019    |   R [         17 ]   =   xxxxxxxx
R [  2 ]   =   000003e8    |   R [         18 ]   =   xxxxxxxx
R [  3 ]   =   ffffffe7    |   R [         19 ]   =   xxxxxxxx
R [  4 ]   =   fffffc18    |   R [         20 ]   =   xxxxxxxx
R [  5 ]   =   000061a8    |   R [         21 ]   =   xxxxxxxx
R [  6 ]   =   ffff9e58    |   R [         22 ]   =   xxxxxxxx
R [  7 ]   =   ffffffff    |   R [         23 ]   =   xxxxxxxx
R [  8 ]   =   000061a8    |   R [         24 ]   =   xxxxxxxx
R [  9 ]   =   ffff9e58    |   R [         25 ]   =   xxxxxxxx
R [ 10 ]   =   ffffffff    |   R [         26 ]   =   xxxxxxxx
R [ 11 ]   =   ffff9e58    |   R [         27 ]   =   xxxxxxxx
R [ 12 ]   =   ffffffff    |   R [         28 ]   =   xxxxxxxx
R [ 13 ]   =   000061a8    |   R [         29 ]   =   00000000
R [ 14 ]   =   00000000    |   R [         30 ]   =   xxxxxxxx
R [ 15 ]   =   10010000    |   R [         31 ]   =   xxxxxxxx
 
D i s p l a y i n g   C o n t e n t s   o f   D a t a   M e m o r y
d M e m [ 0c0 ]   =   0xxxxxxxxx
d M e m [ 0c4 ]   =   0xxxxxxxxx
d M e m [ 0c8 ]   =   0xxxxxxxxx
d M e m [ 0cc ]   =   0xxxxxxxxx
d M e m [ 0d0 ]   =   0xxxxxxxxx
d M e m [ 0d4 ]   =   0xxxxxxxxx
d M e m [ 0d8 ]   =   0xxxxxxxxx
d M e m [ 0dc ]   =   0xxxxxxxxx
d M e m [ 0e0 ]   =   0xxxxxxxxx
d M e m [ 0e4 ]   =   0xxxxxxxxx
d M e m [ 0e8 ]   =   0xxxxxxxxx
d M e m [ 0ec ]   =   0xxxxxxxxx
d M e m [ 0f0 ]   =   0xxxxxxxxx
d M e m [ 0f4 ]   =   0xxxxxxxxx
d M e m [ 0f8 ]   =   0xxxxxxxxx
d M e m [ 0fc ]   =   0xxxxxxxxx
$finish called at time : 1110 ns : File "C:/Users/Jesus Luciano/Desktop/MIPS_CPU/Execution_Unit_modified/Execution_Unit.srcs/sources_1/new/MCU.v" Line 929
